2022-10-08 08:48:39,529 INFO Starting Nacos v1.4.3 on Wahoyu with PID 684 (E:\JavaWorkspace\SpringCloudOAuth\nacos\target\nacos-server.jar started by 64570 in E:\JavaWorkspace\SpringCloudOAuth)

2022-10-08 08:48:39,530 INFO The following profiles are active: standalone

2022-10-08 08:48:42,358 INFO Bean 'org.springframework.security.access.expression.method.DefaultMethodSecurityExpressionHandler@5a7fe64f' of type [org.springframework.security.access.expression.method.DefaultMethodSecurityExpressionHandler] is not eligible for getting processed by all BeanPostProcessors (for example: not eligible for auto-proxying)

2022-10-08 08:48:42,365 INFO Bean 'methodSecurityMetadataSource' of type [org.springframework.security.access.method.DelegatingMethodSecurityMetadataSource] is not eligible for getting processed by all BeanPostProcessors (for example: not eligible for auto-proxying)

2022-10-08 08:48:43,915 INFO Tomcat initialized with port(s): 8848 (http)

2022-10-08 08:48:43,965 INFO Starting service [Tomcat]

2022-10-08 08:48:43,965 INFO Starting Servlet engine: [Apache Tomcat/9.0.38]

2022-10-08 08:48:44,582 INFO At least one JAR was scanned for TLDs yet contained no TLDs. Enable debug logging for this logger for a complete list of JARs that were scanned but no TLDs were found in them. Skipping unneeded JARs during scanning can improve startup time and JSP compilation time.

2022-10-08 08:48:44,654 INFO Initializing Spring embedded WebApplicationContext

2022-10-08 08:48:44,654 INFO Root WebApplicationContext: initialization completed in 5025 ms

2022-10-08 08:48:45,373 INFO HikariPool-1 - Starting...

2022-10-08 08:48:45,390 WARN Registered driver with driverClassName=org.apache.derby.jdbc.EmbeddedDriver was not found, trying direct instantiation.

2022-10-08 08:48:45,911 INFO HikariPool-1 - Driver does not support get/set network timeout for connections. (Feature not implemented: No details.)

2022-10-08 08:48:45,917 INFO HikariPool-1 - Start completed.

2022-10-08 08:48:47,746 INFO Nacos-related cluster resource initialization

2022-10-08 08:48:47,763 INFO The cluster resource is initialized

2022-10-08 08:48:48,504 INFO Reflections took 79 ms to scan 1 urls, producing 4 keys and 6 values 

2022-10-08 08:48:48,544 INFO Reflections took 5 ms to scan 1 urls, producing 6 keys and 26 values 

2022-10-08 08:48:48,568 INFO Reflections took 9 ms to scan 1 urls, producing 3 keys and 15 values 

2022-10-08 08:48:48,577 INFO Reflections took 2 ms to scan 1 urls, producing 2 keys and 12 values 

2022-10-08 08:48:49,952 INFO Initializing ExecutorService 'applicationTaskExecutor'

2022-10-08 08:48:50,130 INFO Adding welcome page: class path resource [static/index.html]

2022-10-08 08:48:51,008 INFO Creating filter chain: Ant [pattern='/**'], []

2022-10-08 08:48:51,058 INFO Creating filter chain: any request, [org.springframework.security.web.context.request.async.WebAsyncManagerIntegrationFilter@4f936da8, org.springframework.security.web.context.SecurityContextPersistenceFilter@53e211ee, org.springframework.security.web.header.HeaderWriterFilter@611df6e3, org.springframework.security.web.csrf.CsrfFilter@2cf92cc7, org.springframework.security.web.authentication.logout.LogoutFilter@2a65bb85, org.springframework.security.web.savedrequest.RequestCacheAwareFilter@3d8bbcdc, org.springframework.security.web.servletapi.SecurityContextHolderAwareRequestFilter@18a3962d, org.springframework.security.web.authentication.AnonymousAuthenticationFilter@4215838f, org.springframework.security.web.session.SessionManagementFilter@6273c5a4, org.springframework.security.web.access.ExceptionTranslationFilter@7b139eab]

2022-10-08 08:48:51,199 INFO Initializing ExecutorService 'taskScheduler'

2022-10-08 08:48:51,232 INFO Exposing 2 endpoint(s) beneath base path '/actuator'

2022-10-08 08:48:51,400 INFO Tomcat started on port(s): 8848 (http) with context path '/nacos'

2022-10-08 08:48:51,408 INFO Started Nacos in 13.344 seconds (JVM running for 14.012)

2022-10-08 08:48:51,408 INFO Nacos started successfully in stand alone mode. use embedded storage

2022-10-08 08:49:00,108 INFO Initializing Spring DispatcherServlet 'dispatcherServlet'

2022-10-08 08:49:00,108 INFO Initializing Servlet 'dispatcherServlet'

2022-10-08 08:49:00,116 INFO Completed initialization in 8 ms

2022-10-08 08:58:48,896 INFO [capacityManagement] start correct usage

2022-10-08 08:58:48,923 INFO [capacityManagement] end correct usage, cost: 0s

2022-10-08 08:58:49,474 WARN clearConfigHistory start

2022-10-08 09:08:48,925 INFO [capacityManagement] start correct usage

2022-10-08 09:08:48,925 INFO [capacityManagement] end correct usage, cost: 0s

2022-10-08 09:08:49,494 WARN clearConfigHistory start

2022-10-08 09:18:48,926 INFO [capacityManagement] start correct usage

2022-10-08 09:18:48,926 INFO [capacityManagement] end correct usage, cost: 0s

2022-10-08 09:18:49,504 WARN clearConfigHistory start

2022-10-08 09:26:44,873 INFO Starting Nacos v1.4.3 on Wahoyu with PID 13336 (E:\JavaWorkspace\SpringCloudOAuth\nacos\target\nacos-server.jar started by 64570 in E:\JavaWorkspace\SpringCloudOAuth)

2022-10-08 09:26:44,873 INFO The following profiles are active: standalone

2022-10-08 09:26:46,300 WARN [HttpClientBeanHolder] Start destroying common HttpClient

2022-10-08 09:26:46,300 WARN [ConfigServer-HttpClientManager] Start destroying NacosRestTemplate

2022-10-08 09:26:46,300 WARN [NotifyCenter] Start destroying Publisher

2022-10-08 09:26:46,918 INFO Bean 'org.springframework.security.access.expression.method.DefaultMethodSecurityExpressionHandler@465232e9' of type [org.springframework.security.access.expression.method.DefaultMethodSecurityExpressionHandler] is not eligible for getting processed by all BeanPostProcessors (for example: not eligible for auto-proxying)

2022-10-08 09:26:46,927 INFO Bean 'methodSecurityMetadataSource' of type [org.springframework.security.access.method.DelegatingMethodSecurityMetadataSource] is not eligible for getting processed by all BeanPostProcessors (for example: not eligible for auto-proxying)

2022-10-08 09:26:47,636 INFO Tomcat initialized with port(s): 8848 (http)

2022-10-08 09:26:47,673 INFO Starting service [Tomcat]

2022-10-08 09:26:47,674 INFO Starting Servlet engine: [Apache Tomcat/9.0.38]

2022-10-08 09:26:47,971 INFO At least one JAR was scanned for TLDs yet contained no TLDs. Enable debug logging for this logger for a complete list of JARs that were scanned but no TLDs were found in them. Skipping unneeded JARs during scanning can improve startup time and JSP compilation time.

2022-10-08 09:26:48,013 INFO Initializing Spring embedded WebApplicationContext

2022-10-08 09:26:48,013 INFO Root WebApplicationContext: initialization completed in 3100 ms

2022-10-08 09:26:48,376 INFO HikariPool-1 - Starting...

2022-10-08 09:26:48,379 WARN Registered driver with driverClassName=org.apache.derby.jdbc.EmbeddedDriver was not found, trying direct instantiation.

2022-10-08 09:26:48,624 INFO HikariPool-1 - Driver does not support get/set network timeout for connections. (Feature not implemented: No details.)

2022-10-08 09:26:48,627 INFO HikariPool-1 - Start completed.

2022-10-08 09:26:49,218 INFO Nacos-related cluster resource initialization

2022-10-08 09:26:49,227 INFO The cluster resource is initialized

2022-10-08 09:26:49,570 INFO Reflections took 34 ms to scan 1 urls, producing 4 keys and 6 values 

2022-10-08 09:26:49,594 INFO Reflections took 4 ms to scan 1 urls, producing 6 keys and 26 values 

2022-10-08 09:26:49,606 INFO Reflections took 3 ms to scan 1 urls, producing 3 keys and 15 values 

2022-10-08 09:26:49,613 INFO Reflections took 1 ms to scan 1 urls, producing 2 keys and 12 values 

2022-10-08 09:26:50,356 INFO Initializing ExecutorService 'applicationTaskExecutor'

2022-10-08 09:26:50,462 INFO Adding welcome page: class path resource [static/index.html]

2022-10-08 09:26:50,746 INFO Creating filter chain: Ant [pattern='/**'], []

2022-10-08 09:26:50,775 INFO Creating filter chain: any request, [org.springframework.security.web.context.request.async.WebAsyncManagerIntegrationFilter@2cf92cc7, org.springframework.security.web.context.SecurityContextPersistenceFilter@7fd4acee, org.springframework.security.web.header.HeaderWriterFilter@3d08f3f5, org.springframework.security.web.csrf.CsrfFilter@89c10b7, org.springframework.security.web.authentication.logout.LogoutFilter@76c7beb3, org.springframework.security.web.savedrequest.RequestCacheAwareFilter@6175619b, org.springframework.security.web.servletapi.SecurityContextHolderAwareRequestFilter@3f2ef586, org.springframework.security.web.authentication.AnonymousAuthenticationFilter@30ea8c23, org.springframework.security.web.session.SessionManagementFilter@1a1da881, org.springframework.security.web.access.ExceptionTranslationFilter@4fe89c24]

2022-10-08 09:26:50,849 INFO Initializing ExecutorService 'taskScheduler'

2022-10-08 09:26:50,867 INFO Exposing 2 endpoint(s) beneath base path '/actuator'

2022-10-08 09:26:50,964 INFO Tomcat started on port(s): 8848 (http) with context path '/nacos'

2022-10-08 09:26:50,968 INFO Started Nacos in 7.2 seconds (JVM running for 7.693)

2022-10-08 09:26:50,968 INFO Nacos started successfully in stand alone mode. use embedded storage

2022-10-08 09:26:51,017 INFO Initializing Spring DispatcherServlet 'dispatcherServlet'

2022-10-08 09:26:51,017 INFO Initializing Servlet 'dispatcherServlet'

2022-10-08 09:26:51,025 INFO Completed initialization in 8 ms

2022-10-08 09:36:49,748 INFO [capacityManagement] start correct usage

2022-10-08 09:36:49,765 INFO [capacityManagement] end correct usage, cost: 0s

2022-10-08 09:36:50,094 WARN clearConfigHistory start

2022-10-08 09:46:49,773 INFO [capacityManagement] start correct usage

2022-10-08 09:46:49,773 INFO [capacityManagement] end correct usage, cost: 0s

2022-10-08 09:46:50,104 WARN clearConfigHistory start

2022-10-08 09:56:49,786 INFO [capacityManagement] start correct usage

2022-10-08 09:56:49,787 INFO [capacityManagement] end correct usage, cost: 0s

2022-10-08 09:56:50,120 WARN clearConfigHistory start

2022-10-08 10:06:49,792 INFO [capacityManagement] start correct usage

2022-10-08 10:06:49,792 INFO [capacityManagement] end correct usage, cost: 0s

2022-10-08 10:06:50,136 WARN clearConfigHistory start

2022-10-08 10:16:49,805 INFO [capacityManagement] start correct usage

2022-10-08 10:16:49,805 INFO [capacityManagement] end correct usage, cost: 0s

2022-10-08 10:16:50,139 WARN clearConfigHistory start

2022-10-08 10:19:21,779 INFO Starting Nacos v1.4.3 on Wahoyu with PID 3288 (E:\JavaWorkspace\SpringCloudOAuth\nacos\target\nacos-server.jar started by 64570 in E:\JavaWorkspace\SpringCloudOAuth)

2022-10-08 10:19:21,779 INFO The following profiles are active: standalone

2022-10-08 10:19:23,685 INFO Bean 'org.springframework.security.access.expression.method.DefaultMethodSecurityExpressionHandler@12591ac8' of type [org.springframework.security.access.expression.method.DefaultMethodSecurityExpressionHandler] is not eligible for getting processed by all BeanPostProcessors (for example: not eligible for auto-proxying)

2022-10-08 10:19:23,685 INFO Bean 'methodSecurityMetadataSource' of type [org.springframework.security.access.method.DelegatingMethodSecurityMetadataSource] is not eligible for getting processed by all BeanPostProcessors (for example: not eligible for auto-proxying)

2022-10-08 10:19:24,216 INFO Tomcat initialized with port(s): 8848 (http)

2022-10-08 10:19:24,247 INFO Starting service [Tomcat]

2022-10-08 10:19:24,247 INFO Starting Servlet engine: [Apache Tomcat/9.0.38]

2022-10-08 10:19:24,576 INFO At least one JAR was scanned for TLDs yet contained no TLDs. Enable debug logging for this logger for a complete list of JARs that were scanned but no TLDs were found in them. Skipping unneeded JARs during scanning can improve startup time and JSP compilation time.

2022-10-08 10:19:24,623 INFO Initializing Spring embedded WebApplicationContext

2022-10-08 10:19:24,623 INFO Root WebApplicationContext: initialization completed in 2798 ms

2022-10-08 10:19:25,169 INFO HikariPool-1 - Starting...

2022-10-08 10:19:25,169 WARN Registered driver with driverClassName=org.apache.derby.jdbc.EmbeddedDriver was not found, trying direct instantiation.

2022-10-08 10:19:25,497 INFO HikariPool-1 - Driver does not support get/set network timeout for connections. (Feature not implemented: No details.)

2022-10-08 10:19:25,497 INFO HikariPool-1 - Start completed.

2022-10-08 10:19:26,138 INFO Nacos-related cluster resource initialization

2022-10-08 10:19:26,138 INFO The cluster resource is initialized

2022-10-08 10:19:26,482 INFO Reflections took 31 ms to scan 1 urls, producing 4 keys and 6 values 

2022-10-08 10:19:26,513 INFO Reflections took 15 ms to scan 1 urls, producing 6 keys and 26 values 

2022-10-08 10:19:26,513 INFO Reflections took 0 ms to scan 1 urls, producing 3 keys and 15 values 

2022-10-08 10:19:26,529 INFO Reflections took 0 ms to scan 1 urls, producing 2 keys and 12 values 

2022-10-08 10:19:27,232 INFO Initializing ExecutorService 'applicationTaskExecutor'

2022-10-08 10:19:27,357 INFO Adding welcome page: class path resource [static/index.html]

2022-10-08 10:19:27,623 INFO Creating filter chain: Ant [pattern='/**'], []

2022-10-08 10:19:27,670 INFO Creating filter chain: any request, [org.springframework.security.web.context.request.async.WebAsyncManagerIntegrationFilter@5f2f577, org.springframework.security.web.context.SecurityContextPersistenceFilter@3f2ef586, org.springframework.security.web.header.HeaderWriterFilter@1a1da881, org.springframework.security.web.csrf.CsrfFilter@4fe89c24, org.springframework.security.web.authentication.logout.LogoutFilter@4e76dac, org.springframework.security.web.savedrequest.RequestCacheAwareFilter@76c7beb3, org.springframework.security.web.servletapi.SecurityContextHolderAwareRequestFilter@30ea8c23, org.springframework.security.web.authentication.AnonymousAuthenticationFilter@6273c5a4, org.springframework.security.web.session.SessionManagementFilter@7fd4acee, org.springframework.security.web.access.ExceptionTranslationFilter@3d08f3f5]

2022-10-08 10:19:27,732 INFO Initializing ExecutorService 'taskScheduler'

2022-10-08 10:19:27,763 INFO Exposing 2 endpoint(s) beneath base path '/actuator'

2022-10-08 10:19:27,842 INFO Tomcat started on port(s): 8848 (http) with context path '/nacos'

2022-10-08 10:19:27,857 INFO Started Nacos in 7.047 seconds (JVM running for 7.509)

2022-10-08 10:19:27,857 INFO Nacos started successfully in stand alone mode. use embedded storage

2022-10-08 10:19:28,388 INFO Initializing Spring DispatcherServlet 'dispatcherServlet'

2022-10-08 10:19:28,388 INFO Initializing Servlet 'dispatcherServlet'

2022-10-08 10:19:28,388 INFO Completed initialization in 0 ms

