2022-10-08 08:48:47,858 INFO raft peers changed: [Member{ip='172.20.11.156', port=8848, state=UP, extendInfo={raftPort=7848}}]

2022-10-08 08:48:47,906 INFO initializing Raft sub-system

2022-10-08 08:48:47,906 INFO finish loading all datums, size: 0 cost 0 ms.

2022-10-08 08:48:47,909 INFO cache loaded, datum count: 0, current term: 0

2022-10-08 08:48:47,909 INFO finish to load data from disk, cost: 3 ms.

2022-10-08 08:48:47,914 INFO timer started: leader timeout ms: 15000, heart-beat timeout ms: 5000

2022-10-08 08:48:48,784 INFO add listener: com.alibaba.nacos.naming.domains.meta.00-00---000-NACOS_SWITCH_DOMAIN-000---00-00

2022-10-08 08:48:48,808 INFO add listener: com.alibaba.nacos.naming.domains.meta.

2022-10-08 08:48:52,813 WARN start to close old raft protocol!!!

2022-10-08 08:48:52,813 WARN stop old raft protocol task for notifier

2022-10-08 08:48:52,813 WARN stop old raft protocol task for master task

2022-10-08 08:48:52,813 WARN stop old raft protocol task for heartbeat task

2022-10-08 08:48:52,813 WARN clean old cache datum for old raft

2022-10-08 08:48:52,813 WARN start to close old raft protocol!!!

2022-10-08 08:48:52,813 WARN stop old raft protocol task for notifier

2022-10-08 08:48:52,813 WARN stop old raft protocol task for master task

2022-10-08 08:48:52,813 WARN stop old raft protocol task for heartbeat task

2022-10-08 08:48:52,813 WARN clean old cache datum for old raft

2022-10-08 08:48:52,813 WARN start to move old raft protocol metadata

2022-10-08 08:48:52,817 WARN start to move old raft protocol metadata

2022-10-08 08:48:52,818 INFO raft peers changed: [Member{ip='172.20.11.156', port=8848, state=UP, extendInfo={lastRefreshTime=1665190132817, raftPort=7848, version=1.4.3}}]

2022-10-08 08:49:00,469 INFO add listener: com.alibaba.nacos.naming.iplist.public##DEFAULT_GROUP@@user-service

2022-10-08 08:49:00,470 INFO add listener: com.alibaba.nacos.naming.iplist.public##DEFAULT_GROUP@@book-service

2022-10-08 08:49:00,470 INFO add listener: com.alibaba.nacos.naming.iplist.public##DEFAULT_GROUP@@borrow-service

2022-10-08 08:54:22,013 INFO add listener: com.alibaba.nacos.naming.iplist.public##DEFAULT_GROUP@@auth-service

2022-10-08 09:26:49,262 INFO raft peers changed: [Member{ip='172.20.11.156', port=8848, state=UP, extendInfo={raftPort=7848}}]

2022-10-08 09:26:49,282 INFO initializing Raft sub-system

2022-10-08 09:26:49,282 INFO finish loading all datums, size: 0 cost 0 ms.

2022-10-08 09:26:49,284 INFO cache loaded, datum count: 0, current term: 0

2022-10-08 09:26:49,284 INFO finish to load data from disk, cost: 2 ms.

2022-10-08 09:26:49,286 INFO timer started: leader timeout ms: 15000, heart-beat timeout ms: 5000

2022-10-08 09:26:49,708 INFO add listener: com.alibaba.nacos.naming.domains.meta.00-00---000-NACOS_SWITCH_DOMAIN-000---00-00

2022-10-08 09:26:49,719 INFO add listener: com.alibaba.nacos.naming.domains.meta.

2022-10-08 09:26:51,157 INFO add listener: com.alibaba.nacos.naming.iplist.public##DEFAULT_GROUP@@borrow-service

2022-10-08 09:26:51,157 INFO add listener: com.alibaba.nacos.naming.iplist.public##DEFAULT_GROUP@@auth-service

2022-10-08 09:26:51,157 INFO add listener: com.alibaba.nacos.naming.iplist.public##DEFAULT_GROUP@@book-service

2022-10-08 09:26:51,184 INFO add listener: com.alibaba.nacos.naming.iplist.public##DEFAULT_GROUP@@user-service

2022-10-08 09:26:54,261 WARN start to close old raft protocol!!!

2022-10-08 09:26:54,261 WARN stop old raft protocol task for notifier

2022-10-08 09:26:54,261 WARN stop old raft protocol task for master task

2022-10-08 09:26:54,261 WARN stop old raft protocol task for heartbeat task

2022-10-08 09:26:54,261 WARN clean old cache datum for old raft

2022-10-08 09:26:54,261 WARN start to close old raft protocol!!!

2022-10-08 09:26:54,261 WARN stop old raft protocol task for notifier

2022-10-08 09:26:54,261 WARN stop old raft protocol task for master task

2022-10-08 09:26:54,261 WARN stop old raft protocol task for heartbeat task

2022-10-08 09:26:54,261 WARN clean old cache datum for old raft

2022-10-08 09:26:54,261 WARN start to move old raft protocol metadata

2022-10-08 09:26:54,263 WARN start to move old raft protocol metadata

2022-10-08 09:26:54,264 INFO raft peers changed: [Member{ip='172.20.11.156', port=8848, state=UP, extendInfo={lastRefreshTime=1665192414263, raftPort=7848, version=1.4.3}}]

2022-10-08 09:31:39,859 INFO [RAFT-NOTIFIER] datum is deleted, key: com.alibaba.nacos.naming.domains.meta.public##DEFAULT_GROUP@@borrow-service

